Vivado Simulator 2018.3
Copyright 1986-1999, 2001-2018 Xilinx, Inc. All Rights Reserved.
Running: C:/Xilinx/Vivado/2018.3/bin/unwrapped/win64.o/xelab.exe -wto cbda99ae049f4cbe91044d6ed82b5edf --incr --debug typical --relax --mt 2 -L xil_defaultlib -L secureip --snapshot TB_generic_behav xil_defaultlib.TB_generic -log elaborate.log 
Using 2 slave threads.
Starting static elaboration
Completed static elaboration
Starting simulation data flow analysis
Completed simulation data flow analysis
Time Resolution for simulation is 1ps
Compiling package std.standard
Compiling package std.textio
Compiling package ieee.std_logic_1164
Compiling package ieee.std_logic_arith
Compiling package ieee.std_logic_unsigned
Compiling package ieee.numeric_std
Compiling architecture behavioral of entity xil_defaultlib.A1 [a1_default]
Compiling architecture behavioral of entity xil_defaultlib.A2 [a2_default]
Compiling architecture behavioral of entity xil_defaultlib.A7 [a7_default]
Compiling architecture behavioral of entity xil_defaultlib.A3 [a3_default]
Compiling architecture behavioral of entity xil_defaultlib.FA [fa_default]
Compiling architecture behavioral of entity xil_defaultlib.RCA_4BIT [rca_4bit_default]
Compiling architecture csa of entity xil_defaultlib.ADDER8 [adder8_default]
Compiling architecture behavioral of entity xil_defaultlib.MULTIPLIER [multiplier_default]
Compiling architecture behavioral of entity xil_defaultlib.Pipeline [pipeline_default]
Compiling architecture behavioral of entity xil_defaultlib.tb_generic
Built simulation snapshot TB_generic_behav
